<?xml version="1.0" encoding="UTF-8"?>
<!-- Generated by org.testng.reporters.JUnitXMLReporter -->
<testsuite ignored="0" hostname="DESKTOP-7NA2GMB" failures="0" tests="14" name="Test" time="0.097" errors="0" timestamp="2022-03-16T15:03:37 IST">
  <testcase classname="practice2.Createopporutnity" name="campaign" time="0.01"/>
  <testcase classname="practice2.Createopporutnity" name="help" time="0.001"/>
  <testcase classname="practice2.Createopporutnity" name="login" time="0.001"/>
  <testcase classname="practice2.Createopporutnity" name="logout" time="0.001"/>
  <testcase classname="practice2.Createopporutnity" name="opporutunity" time="0.001"/>
  <testcase classname="practice2.CreateCampaign" name="camp" time="0.002"/>
  <testcase classname="practice2.CreateCampaign" name="helpDesk" time="0.001"/>
  <testcase classname="practice2.CreateCampaign" name="loginPage" time="0.001"/>
  <testcase classname="practice2.CreateCampaign" name="logoutPage" time="0.001"/>
  <testcase classname="practice2.CreateCampaign" name="organization" time="0.0"/>
  <testcase classname="practice2.CreateContactWithSmokeAndRegg" name="contact" time="0.001"/>
  <testcase classname="practice2.CreateContactWithSmokeAndRegg" name="information" time="0.001"/>
  <testcase classname="practice2.CreateOrgWithSmokeAndRegg" name="companyName" time="0.001"/>
  <testcase classname="practice2.CreateOrgWithSmokeAndRegg" name="organization" time="0.002"/>
</testsuite> <!-- Test -->
