<?xml version="1.0" encoding="UTF-8"?>
<!-- Generated by org.testng.reporters.JUnitXMLReporter -->
<testsuite ignored="4" hostname="DESKTOP-7NA2GMB" failures="0" tests="2" name="Test1" time="58.29" errors="0" timestamp="2022-03-16T15:02:46 IST">
  <testcase classname="com.Oppurtunity.OppurtunityTeamSelling" name="createopportunityWithTeamSelling" time="28.858"/>
  <testcase classname="com.crm.organisation.OrgTestNGWithPomTest" name="createOrg" time="15.502"/>
  <testcase classname="com.vtiger.comcast.genericUtility.BaseClass" name="@AfterTest at" time="0.0">
    <ignored/>
  </testcase> <!-- @AfterTest at -->
  <testcase classname="com.vtiger.comcast.genericUtility.BaseClass" name="@BeforeTest bt" time="0.0">
    <ignored/>
  </testcase> <!-- @BeforeTest bt -->
  <testcase classname="com.vtiger.comcast.genericUtility.BaseClass" name="@AfterSuite as" time="0.0">
    <ignored/>
  </testcase> <!-- @AfterSuite as -->
  <testcase classname="com.vtiger.comcast.genericUtility.BaseClass" name="@BeforeSuite bs" time="0.0">
    <ignored/>
  </testcase> <!-- @BeforeSuite bs -->
</testsuite> <!-- Test1 -->
