<?xml version="1.0" encoding="UTF-8"?>
<testng-results ignored="0" total="1" passed="1" failed="0" skipped="0">
  <reporter-output>
    <line>
      <![CDATA[Product name is correct]]>
    </line>
  </reporter-output>
  <suite started-at="2022-03-23T14:38:42 IST" name="Default suite" finished-at="2022-03-23T14:39:05 IST" duration-ms="23101">
    <groups>
    </groups>
    <test started-at="2022-03-23T14:38:42 IST" name="Default test" finished-at="2022-03-23T14:39:05 IST" duration-ms="23101">
      <class name="com.campaign.CreateCampaignWithProductTest">
        <test-method is-config="true" signature="bs()[pri:0, instance:com.campaign.CreateCampaignWithProductTest@1e04fa0a]" started-at="2022-03-23T14:38:42 IST" name="bs" finished-at="2022-03-23T14:38:42 IST" duration-ms="10" status="PASS">
          <reporter-output>
          </reporter-output>
        </test-method> <!-- bs -->
        <test-method is-config="true" signature="bt()[pri:0, instance:com.campaign.CreateCampaignWithProductTest@1e04fa0a]" started-at="2022-03-23T14:38:42 IST" name="bt" finished-at="2022-03-23T14:38:42 IST" duration-ms="0" status="PASS">
          <reporter-output>
          </reporter-output>
        </test-method> <!-- bt -->
        <test-method is-config="true" signature="bc()[pri:0, instance:com.campaign.CreateCampaignWithProductTest@1e04fa0a]" started-at="2022-03-23T14:38:42 IST" name="bc" finished-at="2022-03-23T14:38:46 IST" duration-ms="3430" status="PASS">
          <reporter-output>
          </reporter-output>
        </test-method> <!-- bc -->
        <test-method is-config="true" signature="bm()[pri:0, instance:com.campaign.CreateCampaignWithProductTest@1e04fa0a]" started-at="2022-03-23T14:38:46 IST" name="bm" finished-at="2022-03-23T14:38:50 IST" duration-ms="4196" status="PASS">
          <reporter-output>
          </reporter-output>
        </test-method> <!-- bm -->
        <test-method signature="Campaign()[pri:0, instance:com.campaign.CreateCampaignWithProductTest@1e04fa0a]" started-at="2022-03-23T14:38:50 IST" name="Campaign" finished-at="2022-03-23T14:39:05 IST" duration-ms="15148" status="PASS">
          <reporter-output>
            <line>
              <![CDATA[Product name is correct]]>
            </line>
          </reporter-output>
        </test-method> <!-- Campaign -->
        <test-method is-config="true" signature="ac()[pri:0, instance:com.campaign.CreateCampaignWithProductTest@1e04fa0a]" started-at="2022-03-23T14:39:05 IST" name="ac" finished-at="2022-03-23T14:39:05 IST" duration-ms="283" status="PASS">
          <reporter-output>
          </reporter-output>
        </test-method> <!-- ac -->
        <test-method is-config="true" signature="at()[pri:0, instance:com.campaign.CreateCampaignWithProductTest@1e04fa0a]" started-at="2022-03-23T14:39:05 IST" name="at" finished-at="2022-03-23T14:39:05 IST" duration-ms="1" status="PASS">
          <reporter-output>
          </reporter-output>
        </test-method> <!-- at -->
        <test-method is-config="true" signature="as()[pri:0, instance:com.campaign.CreateCampaignWithProductTest@1e04fa0a]" started-at="2022-03-23T14:39:05 IST" name="as" finished-at="2022-03-23T14:39:05 IST" duration-ms="0" status="PASS">
          <reporter-output>
          </reporter-output>
        </test-method> <!-- as -->
      </class> <!-- com.campaign.CreateCampaignWithProductTest -->
    </test> <!-- Default test -->
  </suite> <!-- Default suite -->
</testng-results>
